=== QuantumPulse v7.0 Log Started ===
Timestamp: 20251209_213439
=====================================

[2025-12-09 21:34:39.978][INFO][Crypto][Shard:0] CryptoManager initialized with HMAC-SHA512 and AES-256-GCM
[2025-12-09 21:34:39.978][INFO][Mining][Shard:0] MiningManager initialized - PoW hybrid ready
[2025-12-09 21:34:39.979][INFO][AI][Shard:0] AIManager v7.0 initialized - Hybrid ML (RL + GNN) ready
[2025-12-09 21:34:39.979][INFO][Network][Shard:0] NetworkManager initialized - P2P with TLS 1.3 ready
[2025-12-09 21:34:39.979][INFO][Sharding][Shard:0] ShardingManager initialized with 16 active shards
[2025-12-09 21:34:39.979][INFO][Upgrades][Shard:0] UpgradeManager initialized at version 7.0.0
[2025-12-09 21:34:39.979][INFO][Blockchain][Shard:0] Initializing QuantumPulse Blockchain v7.0
[2025-12-09 21:34:39.979][INFO][Blockchain][Shard:0] Initialized premined account: Shankar-Lal-Khati with 2,000,000 QP
[2025-12-09 21:34:39.979][INFO][Blockchain][Shard:0] Blockchain initialized with 16 genesis blocks and 2,000,000 premined coins
[2025-12-09 21:34:39.979][INFO][Blockchain][Shard:0] Adjusted coin price to $600000
[2025-12-09 21:34:39.979][INFO][Blockchain][Shard:0] Adjusted coin price to $600306
[2025-12-09 21:34:39.979][INFO][Blockchain][Shard:0] Adjusted coin price to $1052142
[2025-12-09 21:34:39.979][INFO][AI][Shard:0] AIManager v7.0 initialized - Hybrid ML (RL + GNN) ready
[2025-12-09 21:34:39.979][CRITICAL][AI][Shard:0] Data leak prevented: secret
[2025-12-09 21:34:39.979][CRITICAL][AI][Shard:0] Data leak prevented: password
[2025-12-09 21:34:39.979][CRITICAL][AI][Shard:0] Data leak prevented: api_key
[2025-12-09 21:34:39.979][INFO][Crypto][Shard:0] CryptoManager initialized with HMAC-SHA512 and AES-256-GCM
[2025-12-09 21:34:39.979][INFO][Mining][Shard:0] MiningManager initialized - PoW hybrid ready
[2025-12-09 21:34:39.980][INFO][AI][Shard:0] AIManager v7.0 initialized - Hybrid ML (RL + GNN) ready
[2025-12-09 21:34:39.980][INFO][Network][Shard:0] NetworkManager initialized - P2P with TLS 1.3 ready
[2025-12-09 21:34:39.980][INFO][Sharding][Shard:0] ShardingManager initialized with 16 active shards
[2025-12-09 21:34:39.980][INFO][Upgrades][Shard:0] UpgradeManager initialized at version 7.0.0
[2025-12-09 21:34:39.980][INFO][Blockchain][Shard:0] Initializing QuantumPulse Blockchain v7.0
[2025-12-09 21:34:39.980][INFO][Blockchain][Shard:0] Initialized premined account: Shankar-Lal-Khati with 2,000,000 QP
[2025-12-09 21:34:39.980][INFO][Blockchain][Shard:0] Blockchain initialized with 16 genesis blocks and 2,000,000 premined coins
[2025-12-09 21:34:39.980][INFO][Blockchain][Shard:0] Adjusted coin price to $-9223372036854775808
[2025-12-09 21:34:39.980][INFO][Crypto][Shard:0] CryptoManager initialized with HMAC-SHA512 and AES-256-GCM
[2025-12-09 21:34:39.980][INFO][Crypto][Shard:0] CryptoManager initialized with HMAC-SHA512 and AES-256-GCM
[2025-12-09 21:34:39.980][INFO][Crypto][Shard:0] Generated secure key pair for shard 0
[2025-12-09 21:34:39.980][INFO][Crypto][Shard:0] CryptoManager initialized with HMAC-SHA512 and AES-256-GCM
[2025-12-09 21:34:39.980][INFO][Crypto][Shard:0] CryptoManager initialized with HMAC-SHA512 and AES-256-GCM
[2025-12-09 21:34:39.980][INFO][Crypto][Shard:0] CryptoManager initialized with HMAC-SHA512 and AES-256-GCM
[2025-12-09 21:34:39.980][INFO][Mining][Shard:0] MiningManager initialized - PoW hybrid ready
[2025-12-09 21:34:39.981][INFO][AI][Shard:0] AIManager v7.0 initialized - Hybrid ML (RL + GNN) ready
[2025-12-09 21:34:39.981][INFO][Network][Shard:0] NetworkManager initialized - P2P with TLS 1.3 ready
[2025-12-09 21:34:39.981][INFO][Sharding][Shard:0] ShardingManager initialized with 16 active shards
[2025-12-09 21:34:39.981][INFO][Upgrades][Shard:0] UpgradeManager initialized at version 7.0.0
[2025-12-09 21:34:39.981][INFO][Blockchain][Shard:0] Initializing QuantumPulse Blockchain v7.0
[2025-12-09 21:34:39.981][INFO][Blockchain][Shard:0] Initialized premined account: Shankar-Lal-Khati with 2,000,000 QP
[2025-12-09 21:34:39.981][INFO][Blockchain][Shard:0] Blockchain initialized with 16 genesis blocks and 2,000,000 premined coins
[2025-12-09 21:34:39.981][INFO][Crypto][Shard:0] CryptoManager initialized with HMAC-SHA512 and AES-256-GCM
[2025-12-09 21:34:39.981][INFO][Crypto][Shard:0] CryptoManager initialized with HMAC-SHA512 and AES-256-GCM
[2025-12-09 21:34:39.981][INFO][Crypto][Shard:0] CryptoManager initialized with HMAC-SHA512 and AES-256-GCM
[2025-12-09 21:34:39.981][INFO][Crypto][Shard:0] CryptoManager initialized with HMAC-SHA512 and AES-256-GCM
[2025-12-09 21:34:39.981][INFO][Crypto][Shard:0] CryptoManager initialized with HMAC-SHA512 and AES-256-GCM
[2025-12-09 21:34:39.981][INFO][Crypto][Shard:0] CryptoManager initialized with HMAC-SHA512 and AES-256-GCM
[2025-12-09 21:34:39.981][INFO][Crypto][Shard:0] CryptoManager initialized with HMAC-SHA512 and AES-256-GCM
[2025-12-09 21:34:39.981][INFO][Crypto][Shard:0] CryptoManager initialized with HMAC-SHA512 and AES-256-GCM
[2025-12-09 21:34:39.981][INFO][Crypto][Shard:0] CryptoManager initialized with HMAC-SHA512 and AES-256-GCM
[2025-12-09 21:34:39.981][INFO][Crypto][Shard:0] CryptoManager initialized with HMAC-SHA512 and AES-256-GCM
[2025-12-09 21:34:39.981][INFO][Crypto][Shard:0] CryptoManager initialized with HMAC-SHA512 and AES-256-GCM
[2025-12-09 21:34:39.981][INFO][Crypto][Shard:0] CryptoManager initialized with HMAC-SHA512 and AES-256-GCM
[2025-12-09 21:34:39.981][INFO][Crypto][Shard:0] CryptoManager initialized with HMAC-SHA512 and AES-256-GCM
[2025-12-09 21:34:39.981][INFO][Crypto][Shard:0] CryptoManager initialized with HMAC-SHA512 and AES-256-GCM
[2025-12-09 21:34:39.981][INFO][Crypto][Shard:0] CryptoManager initialized with HMAC-SHA512 and AES-256-GCM
[2025-12-09 21:34:39.981][INFO][Blockchain][Shard:0] Chain validation passed for 16 blocks
[2025-12-09 21:34:39.981][INFO][Crypto][Shard:0] CryptoManager initialized with HMAC-SHA512 and AES-256-GCM
[2025-12-09 21:34:39.981][INFO][Mining][Shard:0] MiningManager initialized - PoW hybrid ready
[2025-12-09 21:34:39.981][INFO][AI][Shard:0] AIManager v7.0 initialized - Hybrid ML (RL + GNN) ready
[2025-12-09 21:34:39.981][INFO][Network][Shard:0] NetworkManager initialized - P2P with TLS 1.3 ready
[2025-12-09 21:34:39.981][INFO][Sharding][Shard:0] ShardingManager initialized with 16 active shards
[2025-12-09 21:34:39.981][INFO][Upgrades][Shard:0] UpgradeManager initialized at version 7.0.0
[2025-12-09 21:34:39.981][INFO][Blockchain][Shard:0] Initializing QuantumPulse Blockchain v7.0
[2025-12-09 21:34:39.981][INFO][Blockchain][Shard:0] Initialized premined account: Shankar-Lal-Khati with 2,000,000 QP
[2025-12-09 21:34:39.981][INFO][Blockchain][Shard:0] Blockchain initialized with 16 genesis blocks and 2,000,000 premined coins
[2025-12-09 21:34:39.981][INFO][Crypto][Shard:0] CryptoManager initialized with HMAC-SHA512 and AES-256-GCM
[2025-12-09 21:34:39.981][INFO][Mining][Shard:0] MiningManager initialized - PoW hybrid ready
[2025-12-09 21:34:39.982][INFO][AI][Shard:0] AIManager v7.0 initialized - Hybrid ML (RL + GNN) ready
[2025-12-09 21:34:39.982][INFO][Network][Shard:0] NetworkManager initialized - P2P with TLS 1.3 ready
[2025-12-09 21:34:39.982][INFO][Sharding][Shard:0] ShardingManager initialized with 16 active shards
[2025-12-09 21:34:39.982][INFO][Upgrades][Shard:0] UpgradeManager initialized at version 7.0.0
[2025-12-09 21:34:39.982][INFO][Blockchain][Shard:0] Initializing QuantumPulse Blockchain v7.0
[2025-12-09 21:34:39.982][INFO][Blockchain][Shard:0] Initialized premined account: Shankar-Lal-Khati with 2,000,000 QP
[2025-12-09 21:34:39.982][INFO][Blockchain][Shard:0] Blockchain initialized with 16 genesis blocks and 2,000,000 premined coins
[2025-12-09 21:34:39.983][INFO][AI][Shard:0] AIManager v7.0 initialized - Hybrid ML (RL + GNN) ready
[2025-12-09 21:34:39.984][INFO][AI][Shard:0] AIManager v7.0 initialized - Hybrid ML (RL + GNN) ready
[2025-12-09 21:34:39.984][INFO][AI][Shard:0] Self-healed code (heal #1)
[2025-12-09 21:34:39.984][INFO][Sharding][Shard:0] ShardingManager initialized with 16 active shards
[2025-12-09 21:34:39.984][INFO][Upgrades][Shard:0] UpgradeManager initialized at version 7.0.0
[2025-12-09 21:34:39.984][INFO][Upgrades][Shard:0] Update applied -> Version 7.0.1
[2025-12-09 21:34:39.984][INFO][Upgrades][Shard:0] Rolled back to version 7.0.0
[2025-12-09 21:34:39.984][INFO][Crypto][Shard:0] CryptoManager initialized with HMAC-SHA512 and AES-256-GCM
[2025-12-09 21:34:39.984][INFO][Mining][Shard:0] MiningManager initialized - PoW hybrid ready
[2025-12-09 21:34:39.984][INFO][Mining][Shard:0] Block mined in 0ms, nonce=69

=== Log Session Ended ===
