=== QuantumPulse v7.0 Log Started ===
Timestamp: 20251209_220648
=====================================

[2025-12-09 22:06:48.008][INFO][Crypto][Shard:0] CryptoManager initialized with HMAC-SHA512 and AES-256-GCM
[2025-12-09 22:06:48.008][INFO][Mining][Shard:0] MiningManager initialized - PoW hybrid ready
[2025-12-09 22:06:48.008][INFO][AI][Shard:0] AIManager v7.0 initialized - Hybrid ML (RL + GNN) ready
[2025-12-09 22:06:48.008][INFO][Network][Shard:0] NetworkManager initialized - P2P with TLS 1.3 ready
[2025-12-09 22:06:48.008][INFO][Sharding][Shard:0] ShardingManager initialized with 16 active shards
[2025-12-09 22:06:48.008][INFO][Upgrades][Shard:0] UpgradeManager initialized at version 7.0.0
[2025-12-09 22:06:48.008][INFO][Blockchain][Shard:0] Initializing QuantumPulse Blockchain v7.0
[2025-12-09 22:06:48.008][INFO][Blockchain][Shard:0] Initialized premined account: Shankar-Lal-Khati with 2,000,000 QP
[2025-12-09 22:06:48.008][INFO][Blockchain][Shard:0] Blockchain initialized with 16 genesis blocks and 2,000,000 premined coins
[2025-12-09 22:06:48.008][INFO][Blockchain][Shard:0] Adjusted coin price to $600000
[2025-12-09 22:06:48.008][INFO][Blockchain][Shard:0] Adjusted coin price to $600306
[2025-12-09 22:06:48.008][INFO][Blockchain][Shard:0] Adjusted coin price to $1052142
[2025-12-09 22:06:48.009][INFO][AI][Shard:0] AIManager v7.0 initialized - Hybrid ML (RL + GNN) ready
[2025-12-09 22:06:48.009][CRITICAL][AI][Shard:0] Data leak prevented: secret
[2025-12-09 22:06:48.009][CRITICAL][AI][Shard:0] Data leak prevented: password
[2025-12-09 22:06:48.009][CRITICAL][AI][Shard:0] Data leak prevented: api_key
[2025-12-09 22:06:48.009][INFO][Crypto][Shard:0] CryptoManager initialized with HMAC-SHA512 and AES-256-GCM
[2025-12-09 22:06:48.009][INFO][Mining][Shard:0] MiningManager initialized - PoW hybrid ready
[2025-12-09 22:06:48.009][INFO][AI][Shard:0] AIManager v7.0 initialized - Hybrid ML (RL + GNN) ready
[2025-12-09 22:06:48.009][INFO][Network][Shard:0] NetworkManager initialized - P2P with TLS 1.3 ready
[2025-12-09 22:06:48.009][INFO][Sharding][Shard:0] ShardingManager initialized with 16 active shards
[2025-12-09 22:06:48.009][INFO][Upgrades][Shard:0] UpgradeManager initialized at version 7.0.0
[2025-12-09 22:06:48.009][INFO][Blockchain][Shard:0] Initializing QuantumPulse Blockchain v7.0
[2025-12-09 22:06:48.010][INFO][Blockchain][Shard:0] Initialized premined account: Shankar-Lal-Khati with 2,000,000 QP
[2025-12-09 22:06:48.010][INFO][Blockchain][Shard:0] Blockchain initialized with 16 genesis blocks and 2,000,000 premined coins
[2025-12-09 22:06:48.010][INFO][Blockchain][Shard:0] Adjusted coin price to $-9223372036854775808
[2025-12-09 22:06:48.010][INFO][Crypto][Shard:0] CryptoManager initialized with HMAC-SHA512 and AES-256-GCM
[2025-12-09 22:06:48.010][INFO][Crypto][Shard:0] CryptoManager initialized with HMAC-SHA512 and AES-256-GCM
[2025-12-09 22:06:48.010][INFO][Crypto][Shard:0] Generated secure key pair for shard 0
[2025-12-09 22:06:48.010][INFO][Crypto][Shard:0] CryptoManager initialized with HMAC-SHA512 and AES-256-GCM
[2025-12-09 22:06:48.010][INFO][Crypto][Shard:0] CryptoManager initialized with HMAC-SHA512 and AES-256-GCM
[2025-12-09 22:06:48.010][INFO][Crypto][Shard:0] CryptoManager initialized with HMAC-SHA512 and AES-256-GCM
[2025-12-09 22:06:48.010][INFO][Mining][Shard:0] MiningManager initialized - PoW hybrid ready
[2025-12-09 22:06:48.010][INFO][AI][Shard:0] AIManager v7.0 initialized - Hybrid ML (RL + GNN) ready
[2025-12-09 22:06:48.010][INFO][Network][Shard:0] NetworkManager initialized - P2P with TLS 1.3 ready
[2025-12-09 22:06:48.010][INFO][Sharding][Shard:0] ShardingManager initialized with 16 active shards
[2025-12-09 22:06:48.010][INFO][Upgrades][Shard:0] UpgradeManager initialized at version 7.0.0
[2025-12-09 22:06:48.010][INFO][Blockchain][Shard:0] Initializing QuantumPulse Blockchain v7.0
[2025-12-09 22:06:48.010][INFO][Blockchain][Shard:0] Initialized premined account: Shankar-Lal-Khati with 2,000,000 QP
[2025-12-09 22:06:48.010][INFO][Blockchain][Shard:0] Blockchain initialized with 16 genesis blocks and 2,000,000 premined coins
[2025-12-09 22:06:48.010][INFO][Crypto][Shard:0] CryptoManager initialized with HMAC-SHA512 and AES-256-GCM
[2025-12-09 22:06:48.010][INFO][Crypto][Shard:0] CryptoManager initialized with HMAC-SHA512 and AES-256-GCM
[2025-12-09 22:06:48.010][INFO][Crypto][Shard:0] CryptoManager initialized with HMAC-SHA512 and AES-256-GCM
[2025-12-09 22:06:48.010][INFO][Crypto][Shard:0] CryptoManager initialized with HMAC-SHA512 and AES-256-GCM
[2025-12-09 22:06:48.010][INFO][Crypto][Shard:0] CryptoManager initialized with HMAC-SHA512 and AES-256-GCM
[2025-12-09 22:06:48.010][INFO][Crypto][Shard:0] CryptoManager initialized with HMAC-SHA512 and AES-256-GCM
[2025-12-09 22:06:48.010][INFO][Crypto][Shard:0] CryptoManager initialized with HMAC-SHA512 and AES-256-GCM
[2025-12-09 22:06:48.010][INFO][Crypto][Shard:0] CryptoManager initialized with HMAC-SHA512 and AES-256-GCM
[2025-12-09 22:06:48.010][INFO][Crypto][Shard:0] CryptoManager initialized with HMAC-SHA512 and AES-256-GCM
[2025-12-09 22:06:48.010][INFO][Crypto][Shard:0] CryptoManager initialized with HMAC-SHA512 and AES-256-GCM
[2025-12-09 22:06:48.010][INFO][Crypto][Shard:0] CryptoManager initialized with HMAC-SHA512 and AES-256-GCM
[2025-12-09 22:06:48.010][INFO][Crypto][Shard:0] CryptoManager initialized with HMAC-SHA512 and AES-256-GCM
[2025-12-09 22:06:48.010][INFO][Crypto][Shard:0] CryptoManager initialized with HMAC-SHA512 and AES-256-GCM
[2025-12-09 22:06:48.010][INFO][Crypto][Shard:0] CryptoManager initialized with HMAC-SHA512 and AES-256-GCM
[2025-12-09 22:06:48.010][INFO][Crypto][Shard:0] CryptoManager initialized with HMAC-SHA512 and AES-256-GCM
[2025-12-09 22:06:48.010][INFO][Blockchain][Shard:0] Chain validation passed for 16 blocks
[2025-12-09 22:06:48.010][INFO][Crypto][Shard:0] CryptoManager initialized with HMAC-SHA512 and AES-256-GCM
[2025-12-09 22:06:48.010][INFO][Mining][Shard:0] MiningManager initialized - PoW hybrid ready
[2025-12-09 22:06:48.011][INFO][AI][Shard:0] AIManager v7.0 initialized - Hybrid ML (RL + GNN) ready
[2025-12-09 22:06:48.011][INFO][Network][Shard:0] NetworkManager initialized - P2P with TLS 1.3 ready
[2025-12-09 22:06:48.011][INFO][Sharding][Shard:0] ShardingManager initialized with 16 active shards
[2025-12-09 22:06:48.011][INFO][Upgrades][Shard:0] UpgradeManager initialized at version 7.0.0
[2025-12-09 22:06:48.011][INFO][Blockchain][Shard:0] Initializing QuantumPulse Blockchain v7.0
[2025-12-09 22:06:48.011][INFO][Blockchain][Shard:0] Initialized premined account: Shankar-Lal-Khati with 2,000,000 QP
[2025-12-09 22:06:48.011][INFO][Blockchain][Shard:0] Blockchain initialized with 16 genesis blocks and 2,000,000 premined coins
[2025-12-09 22:06:48.011][INFO][Crypto][Shard:0] CryptoManager initialized with HMAC-SHA512 and AES-256-GCM
[2025-12-09 22:06:48.011][INFO][Mining][Shard:0] MiningManager initialized - PoW hybrid ready
[2025-12-09 22:06:48.011][INFO][AI][Shard:0] AIManager v7.0 initialized - Hybrid ML (RL + GNN) ready
[2025-12-09 22:06:48.011][INFO][Network][Shard:0] NetworkManager initialized - P2P with TLS 1.3 ready
[2025-12-09 22:06:48.011][INFO][Sharding][Shard:0] ShardingManager initialized with 16 active shards
[2025-12-09 22:06:48.011][INFO][Upgrades][Shard:0] UpgradeManager initialized at version 7.0.0
[2025-12-09 22:06:48.011][INFO][Blockchain][Shard:0] Initializing QuantumPulse Blockchain v7.0
[2025-12-09 22:06:48.011][INFO][Blockchain][Shard:0] Initialized premined account: Shankar-Lal-Khati with 2,000,000 QP
[2025-12-09 22:06:48.011][INFO][Blockchain][Shard:0] Blockchain initialized with 16 genesis blocks and 2,000,000 premined coins
[2025-12-09 22:06:48.012][INFO][AI][Shard:0] AIManager v7.0 initialized - Hybrid ML (RL + GNN) ready
[2025-12-09 22:06:48.012][INFO][AI][Shard:0] AIManager v7.0 initialized - Hybrid ML (RL + GNN) ready
[2025-12-09 22:06:48.012][INFO][AI][Shard:0] Self-healed code (heal #1)
[2025-12-09 22:06:48.012][INFO][Sharding][Shard:0] ShardingManager initialized with 16 active shards
[2025-12-09 22:06:48.012][INFO][Upgrades][Shard:0] UpgradeManager initialized at version 7.0.0
[2025-12-09 22:06:48.012][INFO][Upgrades][Shard:0] Update applied -> Version 7.0.1
[2025-12-09 22:06:48.012][INFO][Upgrades][Shard:0] Rolled back to version 7.0.0
[2025-12-09 22:06:48.012][INFO][Crypto][Shard:0] CryptoManager initialized with HMAC-SHA512 and AES-256-GCM
[2025-12-09 22:06:48.012][INFO][Mining][Shard:0] MiningManager initialized - PoW hybrid ready
[2025-12-09 22:06:48.012][INFO][Mining][Shard:0] Block mined in 0ms, nonce=69

=== Log Session Ended ===
